e:\cours\computer_graphics\project2\project2\debug\vc141.pdb
e:\cours\computer_graphics\project2\project2\debug\vc141.idb
e:\cours\computer_graphics\project2\project2\debug\imgui_widgets.obj
e:\cours\computer_graphics\project2\project2\debug\imgui_impl_opengl3.obj
e:\cours\computer_graphics\project2\project2\debug\imgui_impl_glfw.obj
e:\cours\computer_graphics\project2\project2\debug\imgui_draw.obj
e:\cours\computer_graphics\project2\project2\debug\imgui_demo.obj
e:\cours\computer_graphics\project2\project2\debug\imgui.obj
e:\cours\computer_graphics\project2\project2\debug\checkeredfloor.obj
e:\cours\computer_graphics\project2\project2\debug\colorcube.obj
e:\cours\computer_graphics\project2\project2\debug\mesh.obj
e:\cours\computer_graphics\project2\project2\debug\myglwindow.obj
e:\cours\computer_graphics\project2\project2\debug\plane.obj
e:\cours\computer_graphics\project2\project2\debug\redline.obj
e:\cours\computer_graphics\project2\project2\debug\shader.obj
e:\cours\computer_graphics\project2\project2\debug\source.obj
e:\cours\computer_graphics\project2\project2\debug\sphere.obj
e:\cours\computer_graphics\project2\project2\debug\spotlight.obj
e:\cours\computer_graphics\project2\project2\debug\vboteapot.obj
e:\cours\computer_graphics\project2\project2\debug\viewer.obj
e:\cours\computer_graphics\project2\project2\debug\wirecube.obj
e:\cours\computer_graphics\project2\project2\debug\myglwindow.obj.enc
e:\cours\computer_graphics\project2\project2\debug\source.obj.enc
e:\cours\computer_graphics\project2\project2\debug\projetc2.tlog\cl.command.1.tlog
e:\cours\computer_graphics\project2\project2\debug\projetc2.tlog\cl.read.1.tlog
e:\cours\computer_graphics\project2\project2\debug\projetc2.tlog\cl.write.1.tlog
